Mon Aug 15 2016 22:24:21 GMT+0800 (中国标准时间): Create a new worker 8076.
Mon Aug 15 2016 22:24:22 GMT+0800 (中国标准时间): Listening on http://localhost:8080
Mon Aug 15 2016 23:20:00 GMT+0800 (中国标准时间): Create a new worker 5792.
Mon Aug 15 2016 23:20:00 GMT+0800 (中国标准时间): Listening on http://localhost:8080
Tue Aug 16 2016 10:30:40 GMT+0800 (中国标准时间): Create a new worker 3916.
Tue Aug 16 2016 10:30:40 GMT+0800 (中国标准时间): Listening on http://localhost:8080
Tue Aug 16 2016 11:52:32 GMT+0800 (中国标准时间): Create a new worker 8580.
Tue Aug 16 2016 11:52:32 GMT+0800 (中国标准时间): Listening on http://localhost:8080
Tue Aug 16 2016 14:07:02 GMT+0800 (中国标准时间): Create a new worker 6928.
Tue Aug 16 2016 14:07:02 GMT+0800 (中国标准时间): Listening on http://localhost:8080
Tue Aug 16 2016 16:42:40 GMT+0800 (中国标准时间): Create a new worker 7020.
Tue Aug 16 2016 16:42:41 GMT+0800 (中国标准时间): Listening on http://localhost:8080
Tue Aug 16 2016 19:11:25 GMT+0800 (中国标准时间): Create a new worker 5172.
Tue Aug 16 2016 19:11:25 GMT+0800 (中国标准时间): Listening on http://localhost:8080
Tue Aug 16 2016 19:41:33 GMT+0800 (中国标准时间): Create a new worker 11216.
Tue Aug 16 2016 19:41:34 GMT+0800 (中国标准时间): Listening on http://localhost:8080
Tue Aug 16 2016 19:46:45 GMT+0800 (中国标准时间): Create a new worker 3728.
Tue Aug 16 2016 19:46:45 GMT+0800 (中国标准时间): Listening on http://localhost:8080
Sun Aug 28 2016 10:54:06 GMT+0800 (中国标准时间): Create a new worker 9960.
Sun Aug 28 2016 10:54:07 GMT+0800 (中国标准时间): Listening on http://localhost:8080
